0 info it worked if it ends with ok
1 verbose cli [ 'node', '/usr/local/bin/npm', 'install', 'live-server', '-g' ]
2 info using npm@1.4.28
3 info using node@v0.10.33
4 verbose cache add [ 'live-server', null ]
5 verbose cache add name=undefined spec="live-server" args=["live-server",null]
6 verbose parsed url { protocol: null,
6 verbose parsed url   slashes: null,
6 verbose parsed url   auth: null,
6 verbose parsed url   host: null,
6 verbose parsed url   port: null,
6 verbose parsed url   hostname: null,
6 verbose parsed url   hash: null,
6 verbose parsed url   search: null,
6 verbose parsed url   query: null,
6 verbose parsed url   pathname: 'live-server',
6 verbose parsed url   path: 'live-server',
6 verbose parsed url   href: 'live-server' }
7 silly lockFile 9528180e-live-server live-server
8 verbose lock live-server /Users/marcostorres/.npm/9528180e-live-server.lock
9 silly lockFile 9528180e-live-server live-server
10 silly lockFile 9528180e-live-server live-server
11 verbose addNamed [ 'live-server', '' ]
12 verbose addNamed [ null, '*' ]
13 silly lockFile 180ee697-live-server live-server@
14 verbose lock live-server@ /Users/marcostorres/.npm/180ee697-live-server.lock
15 silly addNameRange { name: 'live-server', range: '*', hasData: false }
16 verbose request where is /live-server
17 verbose request registry https://registry.npmjs.org/
18 verbose request id d932dccfcc292048
19 verbose url raw /live-server
20 verbose url resolving [ 'https://registry.npmjs.org/', './live-server' ]
21 verbose url resolved https://registry.npmjs.org/live-server
22 verbose request where is https://registry.npmjs.org/live-server
23 info trying registry request attempt 1 at 20:43:03
24 verbose etag "5TTX0JVUBHP92J1K1AEMWEHB3"
25 http GET https://registry.npmjs.org/live-server
26 http 304 https://registry.npmjs.org/live-server
27 silly registry.get cb [ 304,
27 silly registry.get   { date: 'Sat, 23 Jan 2016 23:43:06 GMT',
27 silly registry.get     via: '1.1 varnish',
27 silly registry.get     'cache-control': 'max-age=300',
27 silly registry.get     etag: '"5TTX0JVUBHP92J1K1AEMWEHB3"',
27 silly registry.get     age: '0',
27 silly registry.get     connection: 'keep-alive',
27 silly registry.get     'x-served-by': 'cache-iad2120-IAD',
27 silly registry.get     'x-cache': 'HIT',
27 silly registry.get     'x-cache-hits': '1',
27 silly registry.get     'x-timer': 'S1453592586.379639,VS0,VE99',
27 silly registry.get     vary: 'Accept' } ]
28 verbose etag https://registry.npmjs.org/live-server from cache
29 silly addNameRange number 2 { name: 'live-server', range: '*', hasData: true }
30 silly addNameRange versions [ 'live-server',
30 silly addNameRange   [ '0.1.0',
30 silly addNameRange     '0.1.1',
30 silly addNameRange     '0.2.0',
30 silly addNameRange     '0.3.0',
30 silly addNameRange     '0.4.0',
30 silly addNameRange     '0.5.0',
30 silly addNameRange     '0.6.0',
30 silly addNameRange     '0.6.1',
30 silly addNameRange     '0.6.2',
30 silly addNameRange     '0.6.3',
30 silly addNameRange     '0.6.4',
30 silly addNameRange     '0.7.0',
30 silly addNameRange     '0.7.1',
30 silly addNameRange     '0.8.0',
30 silly addNameRange     '0.8.1',
30 silly addNameRange     '0.8.2',
30 silly addNameRange     '0.9.0',
30 silly addNameRange     '0.9.1' ] ]
31 verbose addNamed [ 'live-server', '0.9.1' ]
32 verbose addNamed [ '0.9.1', '0.9.1' ]
33 silly lockFile 93b738d4-live-server-0-9-1 live-server@0.9.1
34 verbose lock live-server@0.9.1 /Users/marcostorres/.npm/93b738d4-live-server-0-9-1.lock
35 silly lockFile 93b738d4-live-server-0-9-1 live-server@0.9.1
36 silly lockFile 93b738d4-live-server-0-9-1 live-server@0.9.1
37 silly lockFile 180ee697-live-server live-server@
38 silly lockFile 180ee697-live-server live-server@
39 silly resolved [ { name: 'live-server',
39 silly resolved     version: '0.9.1',
39 silly resolved     description: 'simple development http server with live reload capability',
39 silly resolved     keywords: [ 'front-end', 'development', 'tool', 'server', 'http', 'cli' ],
39 silly resolved     author: { name: 'Tapio Vierros' },
39 silly resolved     dependencies:
39 silly resolved      { colors: 'latest',
39 silly resolved        connect: '2.x.x',
39 silly resolved        'event-stream': 'latest',
39 silly resolved        'faye-websocket': '0.9.x',
39 silly resolved        'object-assign': '^2.0.0',
39 silly resolved        opn: 'latest',
39 silly resolved        send: 'latest',
39 silly resolved        watchr: '2.3.x' },
39 silly resolved     devDependencies: { mocha: '^2.3.3', supertest: '1.0.1' },
39 silly resolved     scripts:
39 silly resolved      { lint: 'jshint *.js; eslint *.js',
39 silly resolved        test: 'npm run lint && mocha test' },
39 silly resolved     bin: { 'live-server': './live-server.js' },
39 silly resolved     repository: { type: 'git', url: 'https://github.com/tapio/live-server.git' },
39 silly resolved     engines: { node: '>=0.8.0' },
39 silly resolved     preferGlobal: true,
39 silly resolved     license: 'MIT',
39 silly resolved     eslintConfig: { env: [Object], rules: [Object] },
39 silly resolved     gitHead: '8db621dbe1101fac5d1b33c1d3d8bd017537b703',
39 silly resolved     bugs: { url: 'https://github.com/tapio/live-server/issues' },
39 silly resolved     _id: 'live-server@0.9.1',
39 silly resolved     _shasum: '637abda2cdef49f3773c4673bf68a2767f21c9c2',
39 silly resolved     _from: 'live-server@',
39 silly resolved     _npmVersion: '1.4.21',
39 silly resolved     _npmUser: { name: 'tapio', email: 'tapiovierros@gmail.com' },
39 silly resolved     maintainers: [ [Object] ],
39 silly resolved     dist:
39 silly resolved      { shasum: '637abda2cdef49f3773c4673bf68a2767f21c9c2',
39 silly resolved        tarball: 'http://registry.npmjs.org/live-server/-/live-server-0.9.1.tgz' },
39 silly resolved     directories: {},
39 silly resolved     _resolved: 'https://registry.npmjs.org/live-server/-/live-server-0.9.1.tgz',
39 silly resolved     readme: 'ERROR: No README data found!',
39 silly resolved     homepage: 'https://github.com/tapio/live-server' } ]
40 info install live-server@0.9.1 into /usr/local/lib
41 info installOne live-server@0.9.1
42 verbose lib/node_modules/live-server unbuild
43 verbose tar unpack /Users/marcostorres/.npm/live-server/0.9.1/package.tgz
44 silly lockFile a5a979dc-cal-lib-node-modules-live-server tar:///usr/local/lib/node_modules/live-server
45 verbose lock tar:///usr/local/lib/node_modules/live-server /Users/marcostorres/.npm/a5a979dc-cal-lib-node-modules-live-server.lock
46 silly lockFile c205e563-pm-live-server-0-9-1-package-tgz tar:///Users/marcostorres/.npm/live-server/0.9.1/package.tgz
47 verbose lock tar:///Users/marcostorres/.npm/live-server/0.9.1/package.tgz /Users/marcostorres/.npm/c205e563-pm-live-server-0-9-1-package-tgz.lock
48 silly gunzTarPerm modes [ '755', '644' ]
49 error Error: EACCES, mkdir '/usr/local/lib/node_modules/live-server'
49 error  { [Error: EACCES, mkdir '/usr/local/lib/node_modules/live-server']
49 error   errno: 3,
49 error   code: 'EACCES',
49 error   path: '/usr/local/lib/node_modules/live-server',
49 error   fstream_type: 'Directory',
49 error   fstream_path: '/usr/local/lib/node_modules/live-server',
49 error   fstream_class: 'DirWriter',
49 error   fstream_stack:
49 error    [ '/usr/local/lib/node_modules/npm/node_modules/fstream/lib/dir-writer.js:36:23',
49 error      '/usr/local/lib/node_modules/npm/node_modules/mkdirp/index.js:46:53',
49 error      'Object.oncomplete (fs.js:107:15)' ] }
50 error Please try running this command again as root/Administrator.
51 error System Darwin 15.3.0
52 error command "node" "/usr/local/bin/npm" "install" "live-server" "-g"
53 error cwd /Users/marcostorres/Documents/Tween Git/web-gdg
54 error node -v v0.10.33
55 error npm -v 1.4.28
56 error path /usr/local/lib/node_modules/live-server
57 error fstream_path /usr/local/lib/node_modules/live-server
58 error fstream_type Directory
59 error fstream_class DirWriter
60 error code EACCES
61 error errno 3
62 error stack Error: EACCES, mkdir '/usr/local/lib/node_modules/live-server'
63 error fstream_stack /usr/local/lib/node_modules/npm/node_modules/fstream/lib/dir-writer.js:36:23
63 error fstream_stack /usr/local/lib/node_modules/npm/node_modules/mkdirp/index.js:46:53
63 error fstream_stack Object.oncomplete (fs.js:107:15)
64 verbose exit [ 3, true ]
